ajchest.pptooo.com,notBefore=Dec 10 00:20:13 2021 GMT,notAfter=Mar 10 00:20:12 2022 GMT
api.pptooo.com,notBefore=Nov  4 23:39:28 2021 GMT,notAfter=Feb  2 23:39:27 2022 GMT
apis.pptooo.com,notBefore=Nov  4 23:39:43 2021 GMT,notAfter=Feb  2 23:39:42 2022 GMT
chestapi.pptooo.com,notBefore=Dec 10 00:20:22 2021 GMT,notAfter=Mar 10 00:20:21 2022 GMT
chestdoctor.pptooo.com,notBefore=Dec 10 00:20:28 2021 GMT,notAfter=Mar 10 00:20:27 2022 GMT
chestminio.pptooo.com,notBefore=Dec 10 00:20:37 2021 GMT,notAfter=Mar 10 00:20:36 2022 GMT
chestsaas.pptooo.com,notBefore=Dec 10 00:20:42 2021 GMT,notAfter=Mar 10 00:20:41 2022 GMT
demo.pptooo.com,notBefore=Nov 26 01:41:04 2021 GMT,notAfter=Feb 24 01:41:03 2022 GMT
devchestapi.pptooo.com,notBefore=Nov  4 23:39:49 2021 GMT,notAfter=Feb  2 23:39:48 2022 GMT
devchestdoctor.pptooo.com,notBefore=Nov  5 03:54:18 2021 GMT,notAfter=Feb  3 03:54:17 2022 GMT
devchestsaas.pptooo.com,notBefore=Nov  4 23:40:13 2021 GMT,notAfter=Feb  2 23:40:12 2022 GMT
devdoctor.pptooo.com,notBefore=Nov  4 23:40:23 2021 GMT,notAfter=Feb  2 23:40:22 2022 GMT
devhospital.pptooo.com,notBefore=Nov  4 23:40:29 2021 GMT,notAfter=Feb  2 23:40:28 2022 GMT
devhospitalskt.pptooo.com,notBefore=Nov  4 23:40:40 2021 GMT,notAfter=Feb  2 23:40:39 2022 GMT
devphakapi.pptooo.com,notBefore=Nov  4 23:40:47 2021 GMT,notAfter=Feb  2 23:40:46 2022 GMT
devphakdoctor.pptooo.com,notBefore=Nov  4 23:40:55 2021 GMT,notAfter=Feb  2 23:40:54 2022 GMT
devphaksaas.pptooo.com,notBefore=Nov  4 23:41:01 2021 GMT,notAfter=Feb  2 23:41:00 2022 GMT
devsaas.pptooo.com,notBefore=Nov  4 23:41:07 2021 GMT,notAfter=Feb  2 23:41:06 2022 GMT
doc.pptooo.com,notBefore=Sep 22 20:55:17 2021 GMT,notAfter=Dec 21 20:55:16 2021 GMT
doctor.pptooo.com,notBefore=Nov  4 23:41:22 2021 GMT,notAfter=Feb  2 23:41:21 2022 GMT
hospital.pptooo.com,notBefore=Nov  4 23:41:31 2021 GMT,notAfter=Feb  2 23:41:30 2022 GMT
img.pptooo.com,notBefore=May 27 00:00:00 2021 GMT,notAfter=May 27 23:59:59 2022 GMT
minio.pptooo.com,notBefore=Nov  4 23:41:38 2021 GMT,notAfter=Feb  2 23:41:37 2022 GMT
ocr.pptooo.com,notBefore=Nov  7 03:59:09 2021 GMT,notAfter=Feb  5 03:59:08 2022 GMT
oss.pptooo.com,notBefore=Oct 12 14:44:31 2021 GMT,notAfter=Jan 10 14:44:30 2022 GMT
phakapi.pptooo.com,notBefore=Oct 12 14:44:40 2021 GMT,notAfter=Jan 10 14:44:39 2022 GMT
phakdoctor.pptooo.com,notBefore=Oct 12 14:44:49 2021 GMT,notAfter=Jan 10 14:44:48 2022 GMT
phaksaas.pptooo.com,notBefore=Oct 12 14:44:58 2021 GMT,notAfter=Jan 10 14:44:57 2022 GMT
pic.pptooo.com,notBefore=Nov  1 01:55:59 2021 GMT,notAfter=Jan 30 01:55:58 2022 GMT
re-devsaas.pptooo.com,notBefore=Nov  9 05:19:56 2021 GMT,notAfter=Feb  7 05:19:55 2022 GMT
re-devsaasapi.pptooo.com,notBefore=Nov  9 05:20:35 2021 GMT,notAfter=Feb  7 05:20:34 2022 GMT
saas.pptooo.com,notBefore=Nov  4 23:41:50 2021 GMT,notAfter=Feb  2 23:41:49 2022 GMT
svideo.pptooo.com,notBefore=Oct 31 05:25:00 2021 GMT,notAfter=Jan 29 05:24:59 2022 GMT
xt.pptooo.com,notBefore=Dec 10 00:20:52 2021 GMT,notAfter=Mar 10 00:20:51 2022 GMT
xtdata.pptooo.com,notBefore=Nov  4 23:39:28 2021 GMT,notAfter=Feb  2 23:39:27 2022 GMT
oss.asdoctor.net,notBefore=Nov 18 23:37:32 2021 GMT,notAfter=Feb 16 23:37:31 2022 GMT
spa.asdoctor.net,notBefore=Sep  9 00:00:00 2021 GMT,notAfter=Sep  9 23:59:59 2022 GMT
doctor.asdoctor.net,notBefore=Nov 18 23:37:22 2021 GMT,notAfter=Feb 16 23:37:21 2022 GMT
apis.asdoctor.net,notBefore=Nov  8 03:56:25 2021 GMT,notAfter=Feb  6 03:56:24 2022 GMT
admin.alicebj.cn,notBefore=Nov 16 00:00:00 2021 GMT,notAfter=Nov 16 23:59:59 2022 GMT
www.alicebj.cn,notBefore=Nov 16 00:00:00 2021 GMT,notAfter=Nov 16 23:59:59 2022 GMT
api.alicebj.cn,notBefore=Nov 16 00:00:00 2021 GMT,notAfter=Nov 16 23:59:59 2022 GMT
jiankang.com,notBefore=Aug 12 00:00:00 2021 GMT,notAfter=Sep 10 23:59:59 2022 GMT
m.pet.jiankang.com,notBefore=Jan 12 00:00:00 2021 GMT,notAfter=Jan 12 23:59:59 2022 GMT
yyh.xiaohe.pro,notBefore=Nov  4 00:00:00 2021 GMT,notAfter=Nov  4 23:59:59 2022 GMT
yyh-api.xiaohe.pro,notBefore=Nov  4 00:00:00 2021 GMT,notAfter=Nov  4 23:59:59 2022 GMT
api-ckd3c.xiaohe.pro,notBefore=Apr 14 00:00:00 2021 GMT,notAfter=Apr 14 23:59:59 2022 GMT
ckd3c.xiaohe.pro,notBefore=Apr 14 00:00:00 2021 GMT,notAfter=Apr 14 23:59:59 2022 GMT
ckd.xiaohe.pro,notBefore=Nov  1 00:00:00 2021 GMT,notAfter=Nov  1 23:59:59 2022 GMT
api-ckd.xiaohe.pro,notBefore=Nov  1 00:00:00 2021 GMT,notAfter=Nov  1 23:59:59 2022 GMT
www.ningmengys.cn,notBefore=Nov 22 00:00:00 2021 GMT,notAfter=Nov 22 23:59:59 2022 GMT
www.5haogou.com,notBefore=Feb  3 00:00:00 2021 GMT,notAfter=Feb  3 23:59:59 2022 GMT
m.5haogou.com,notBefore=Sep 14 00:00:00 2021 GMT,notAfter=Sep 14 23:59:59 2022 GMT
assets.5haogou.com,notBefore=Nov 22 00:00:00 2021 GMT,notAfter=Nov 22 23:59:59 2022 GMT
vde.5haogou.com,notBefore=Nov 22 00:00:00 2021 GMT,notAfter=Nov 22 23:59:59 2022 GMT
img.5haogou.com,notBefore=Nov 22 00:00:00 2021 GMT,notAfter=Nov 22 23:59:59 2022 GMT
fatiao.pro,notBefore=Aug 12 00:00:00 2021 GMT,notAfter=Sep 10 23:59:59 2022 GMT
www.baozgo.com,notBefore=Mar  8 00:00:00 2021 GMT,notAfter=Mar  8 23:59:59 2022 GMT
m.baozgo.com,notBefore=Sep 14 00:00:00 2021 GMT,notAfter=Sep 14 23:59:59 2022 GMT
api-rocket.baozgo.com,notBefore=Aug 12 00:00:00 2021 GMT,notAfter=Aug 12 23:59:59 2022 GMT
vsc.baozgo.com,notBefore=Aug 12 00:00:00 2021 GMT,notAfter=Aug 12 23:59:59 2022 GMT
vde.baozgo.com,notBefore=Nov 22 00:00:00 2021 GMT,notAfter=Nov 22 23:59:59 2022 GMT
img.baozgo.com,notBefore=Nov 22 00:00:00 2021 GMT,notAfter=Nov 22 23:59:59 2022 GMT
assets.baozgo.com,notBefore=Nov 22 00:00:00 2021 GMT,notAfter=Nov 22 23:59:59 2022 GMT
www.050vr.com,notBefore=Mar  8 00:00:00 2021 GMT,notAfter=Mar  8 23:59:59 2022 GMT
api-web.050vr.com,notBefore=Jan 12 00:00:00 2021 GMT,notAfter=Jan 12 23:59:59 2022 GMT
api-rocket.050vr.com,notBefore=Nov 22 00:00:00 2021 GMT,notAfter=Nov 22 23:59:59 2022 GMT
tips.tuniu.com,notBefore=May 21 00:00:00 2021 GMT,notAfter=May 21 23:59:59 2022 GMT
tipsadmin.tuniu.com,notBefore=May 21 00:00:00 2021 GMT,notAfter=May 21 23:59:59 2022 GMT
3c-screening.renzehealth.cn,notBefore=Jul  5 00:00:00 2021 GMT,notAfter=Jul  5 23:59:59 2022 GMT
img-ckd3c.xiaohe.pro,ckd3c.renzehealth.cn,notBefore=Jul  2 00:00:00 2021 GMT
notAfter=Jul  2 23:59:59 2022 GMT,api-ckd3c.renzehealth.cn,notBefore=Jul  2 00:00:00 2021 GMT
notAfter=Jul  2 23:59:59 2022 GMT
